Backend error message during job submission
-------------------------------------------
Unexpected System Error Occured: java.lang.IncompatibleClassChangeError: Found interface org.apache.hadoop.mapreduce.JobContext, but class was expected
	at org.apache.pig.backend.hadoop.executionengine.mapReduceLayer.PigOutputFormat.setupUdfEnvAndStores(PigOutputFormat.java:225)
	at org.apache.pig.backend.hadoop.executionengine.mapReduceLayer.PigOutputFormat.checkOutputSpecs(PigOutputFormat.java:186)
	at org.apache.hadoop.mapreduce.JobSubmitter.checkSpecs(JobSubmitter.java:456)
	at org.apache.hadoop.mapreduce.JobSubmitter.submitJobInternal(JobSubmitter.java:342)
	at org.apache.hadoop.mapreduce.Job$10.run(Job.java:1268)
	at org.apache.hadoop.mapreduce.Job$10.run(Job.java:1265)
	at java.security.AccessController.doPrivileged(Native Method)
	at javax.security.auth.Subject.doAs(Subject.java:415)
	at org.apache.hadoop.security.UserGroupInformation.doAs(UserGroupInformation.java:1491)
	at org.apache.hadoop.mapreduce.Job.submit(Job.java:1265)
	at org.apache.hadoop.mapreduce.lib.jobcontrol.ControlledJob.submit(ControlledJob.java:335)
	at org.apache.hadoop.mapreduce.lib.jobcontrol.JobControl.run(JobControl.java:240)
	at org.apache.pig.backend.hadoop20.PigJobControl.run(PigJobControl.java:121)
	at java.lang.Thread.run(Thread.java:724)
	at org.apache.pig.backend.hadoop.executionengine.mapReduceLayer.MapReduceLauncher$1.run(MapReduceLauncher.java:270)

Pig Stack Trace
---------------
ERROR 2244: Job failed, hadoop does not return any error message

org.apache.pig.backend.executionengine.ExecException: ERROR 2244: Job failed, hadoop does not return any error message
	at org.apache.pig.tools.grunt.GruntParser.executeBatch(GruntParser.java:148)
	at org.apache.pig.tools.grunt.GruntParser.parseStopOnError(GruntParser.java:202)
	at org.apache.pig.tools.grunt.GruntParser.parseStopOnError(GruntParser.java:173)
	at org.apache.pig.tools.grunt.Grunt.exec(Grunt.java:84)
	at org.apache.pig.Main.run(Main.java:478)
	at org.apache.pig.Main.main(Main.java:156)
	at sun.reflect.NativeMethodAccessorImpl.invoke0(Native Method)
	at sun.reflect.NativeMethodAccessorImpl.invoke(NativeMethodAccessorImpl.java:57)
	at sun.reflect.DelegatingMethodAccessorImpl.invoke(DelegatingMethodAccessorImpl.java:43)
	at java.lang.reflect.Method.invoke(Method.java:606)
	at org.apache.hadoop.util.RunJar.main(RunJar.java:212)
================================================================================
Pig Stack Trace
---------------
ERROR 2244: Job failed, hadoop does not return any error message

org.apache.pig.backend.executionengine.ExecException: ERROR 2244: Job failed, hadoop does not return any error message
	at org.apache.pig.tools.grunt.GruntParser.executeBatch(GruntParser.java:148)
	at org.apache.pig.tools.grunt.GruntParser.parseStopOnError(GruntParser.java:202)
	at org.apache.pig.tools.grunt.GruntParser.parseStopOnError(GruntParser.java:173)
	at org.apache.pig.tools.grunt.Grunt.exec(Grunt.java:84)
	at org.apache.pig.Main.run(Main.java:478)
	at org.apache.pig.Main.main(Main.java:156)
	at sun.reflect.NativeMethodAccessorImpl.invoke0(Native Method)
	at sun.reflect.NativeMethodAccessorImpl.invoke(NativeMethodAccessorImpl.java:57)
	at sun.reflect.DelegatingMethodAccessorImpl.invoke(DelegatingMethodAccessorImpl.java:43)
	at java.lang.reflect.Method.invoke(Method.java:606)
	at org.apache.hadoop.util.RunJar.main(RunJar.java:212)
================================================================================
Pig Stack Trace
---------------
ERROR 2244: Job failed, hadoop does not return any error message

org.apache.pig.backend.executionengine.ExecException: ERROR 2244: Job failed, hadoop does not return any error message
	at org.apache.pig.tools.grunt.GruntParser.executeBatch(GruntParser.java:148)
	at org.apache.pig.tools.grunt.GruntParser.parseStopOnError(GruntParser.java:202)
	at org.apache.pig.tools.grunt.GruntParser.parseStopOnError(GruntParser.java:173)
	at org.apache.pig.tools.grunt.Grunt.exec(Grunt.java:84)
	at org.apache.pig.Main.run(Main.java:478)
	at org.apache.pig.Main.main(Main.java:156)
	at sun.reflect.NativeMethodAccessorImpl.invoke0(Native Method)
	at sun.reflect.NativeMethodAccessorImpl.invoke(NativeMethodAccessorImpl.java:57)
	at sun.reflect.DelegatingMethodAccessorImpl.invoke(DelegatingMethodAccessorImpl.java:43)
	at java.lang.reflect.Method.invoke(Method.java:606)
	at org.apache.hadoop.util.RunJar.main(RunJar.java:212)
================================================================================
